2026-04-10T00:02:00.011Z  INFO 7 --- [main] com.structurizr.server.Local             : ***********************************************************************************
2026-04-10T00:02:00.019Z  INFO 7 --- [main] com.structurizr.server.Local             :   _____ _                   _              _          
2026-04-10T00:02:00.022Z  INFO 7 --- [main] com.structurizr.server.Local             :  / ____| |                 | |            (_)         
2026-04-10T00:02:00.023Z  INFO 7 --- [main] com.structurizr.server.Local             : | (___ | |_ _ __ _   _  ___| |_ _   _ _ __ _ _____ __ 
2026-04-10T00:02:00.025Z  INFO 7 --- [main] com.structurizr.server.Local             :  \___ \| __| '__| | | |/ __| __| | | | '__| |_  / '__|
2026-04-10T00:02:00.028Z  INFO 7 --- [main] com.structurizr.server.Local             :  ____) | |_| |  | |_| | (__| |_| |_| | |  | |/ /| |   
2026-04-10T00:02:00.032Z  INFO 7 --- [main] com.structurizr.server.Local             : |_____/ \__|_|   \__,_|\___|\__|\__,_|_|  |_/___|_|   
2026-04-10T00:02:00.038Z  INFO 7 --- [main] com.structurizr.server.Local             :                                                       
2026-04-10T00:02:00.049Z  INFO 7 --- [main] com.structurizr.server.Local             : v2026.03.06
2026-04-10T00:02:00.051Z  INFO 7 --- [main] com.structurizr.server.Local             : ***********************************************************************************
2026-04-10T00:02:00.056Z  INFO 7 --- [main] com.structurizr.server.Local             :  - structurizr.authentication: none
2026-04-10T00:02:00.058Z  INFO 7 --- [main] com.structurizr.server.Local             :  - structurizr.autorefreshinterval: 0
2026-04-10T00:02:00.061Z  INFO 7 --- [main] com.structurizr.server.Local             :  - structurizr.autosaveinterval: 5000
2026-04-10T00:02:00.063Z  INFO 7 --- [main] com.structurizr.server.Local             :  - structurizr.cache: none
2026-04-10T00:02:00.066Z  INFO 7 --- [main] com.structurizr.server.Local             :  - structurizr.data: file
2026-04-10T00:02:00.069Z  INFO 7 --- [main] com.structurizr.server.Local             :  - structurizr.datadirectory: /usr/local/structurizr
2026-04-10T00:02:00.071Z  INFO 7 --- [main] com.structurizr.server.Local             :  - structurizr.debug: false
2026-04-10T00:02:00.073Z  INFO 7 --- [main] com.structurizr.server.Local             :  - structurizr.editable: true
2026-04-10T00:02:00.077Z  INFO 7 --- [main] com.structurizr.server.Local             :  - structurizr.logging.filename: /usr/local/structurizr/.structurizr/logs/structurizr.log
2026-04-10T00:02:00.081Z  INFO 7 --- [main] com.structurizr.server.Local             :  - structurizr.network.timeout: 60000
2026-04-10T00:02:00.082Z  INFO 7 --- [main] com.structurizr.server.Local             :  - structurizr.network.urls.allowed: .*
2026-04-10T00:02:00.084Z  INFO 7 --- [main] com.structurizr.server.Local             :  - structurizr.search: lucene
2026-04-10T00:02:00.086Z  INFO 7 --- [main] com.structurizr.server.Local             :  - structurizr.themes: /usr/local/structurizr/themes/
2026-04-10T00:02:00.088Z  INFO 7 --- [main] com.structurizr.server.Local             :  - structurizr.workspace.maxsize: 1MB
2026-04-10T00:02:00.092Z  INFO 7 --- [main] com.structurizr.server.Local             :  - structurizr.workspace.threads: 10
2026-04-10T00:02:00.096Z  INFO 7 --- [main] com.structurizr.server.Local             :  - structurizr.workspaces: 1
2026-04-10T00:02:00.099Z  INFO 7 --- [main] com.structurizr.server.Local             : ***********************************************************************************
2026-04-10T00:02:00.101Z  INFO 7 --- [main] com.structurizr.server.Local             : Themes:
2026-04-10T00:02:00.104Z  INFO 7 --- [main] com.structurizr.server.Local             : ***********************************************************************************
2026-04-10T00:02:20.986Z  INFO 7 --- [main] .w.LocalFileSystemSingleWorkspaceAdapter : Creating workspace.dsl
2026-04-10T02:08:01.025Z  INFO 7 --- [SpringApplicationShutdownHook] com.structurizr.server.AbstractServer    : ********************************************************
2026-04-10T02:08:01.038Z  INFO 7 --- [SpringApplicationShutdownHook] com.structurizr.server.AbstractServer    :  Stopping Structurizr
2026-04-10T02:08:01.040Z  INFO 7 --- [SpringApplicationShutdownHook] com.structurizr.server.AbstractServer    : ********************************************************
